0 info it worked if it ends with ok
1 verbose cli [ 'C:\\Program Files\\nodejs\\node.exe',
1 verbose cli   'C:\\Users\\UCHE MUKOLO\\AppData\\Roaming\\npm\\node_modules\\npm\\bin\\npm-cli.js',
1 verbose cli   'install',
1 verbose cli   'eslint' ]
2 info using npm@3.10.10
3 info using node@v6.11.2
4 verbose stack Error: EPERM: operation not permitted, mkdir 'C:\Users\delete'
4 verbose stack     at Error (native)
5 verbose cwd C:\Users\UCHE MUKOLO\Documents\NewMoreRecipe
6 error Windows_NT 10.0.14393
7 error argv "C:\\Program Files\\nodejs\\node.exe" "C:\\Users\\UCHE MUKOLO\\AppData\\Roaming\\npm\\node_modules\\npm\\bin\\npm-cli.js" "install" "eslint"
8 error node v6.11.2
9 error npm  v3.10.10
10 error path C:\Users\delete
11 error code EPERM
12 error errno -4048
13 error syscall mkdir
14 error Error: EPERM: operation not permitted, mkdir 'C:\Users\delete'
14 error     at Error (native)
14 error  { Error: EPERM: operation not permitted, mkdir 'C:\Users\delete'
14 error     at Error (native)
14 error   errno: -4048,
14 error   code: 'EPERM',
14 error   syscall: 'mkdir',
14 error   path: 'C:\\Users\\delete' }
15 error Please try running this command again as root/Administrator.
16 verbose exit [ -4048, true ]
